PersonalChef/proguard/seeds.txt
com.umeng.socialize.media.QZoneShareContent
com.umeng.socialize.media.QZoneShareContent: android.os.Parcelable$Creator CREATOR
com.umeng.socialize.media.RenrenShareContent
com.umeng.socialize.media.RenrenShareContent: android.os.Parcelable$Creator CREATOR
com.umeng.socialize.media.SimpleShareContent
com.umeng.socialize.media.SinaShareContent
com.umeng.socialize.media.SinaShareContent: android.os.Parcelable$Creator CREATOR
com.umeng.socialize.media.SmsShareContent
com.umeng.socialize.media.SmsShareContent: android.os.Parcelable$Creator CREATOR
com.umeng.socialize.media.TencentWbShareContent
com.umeng.socialize.media.TencentWbShareContent: android.os.Parcelable$Creator CREATOR
com.umeng.socialize.media.TwitterShareContent
com.umeng.socialize.media.TwitterShareContent: android.os.Parcelable$Creator CREATOR
com.umeng.socialize.media.UMEmoji
com.umeng.socialize.media.UMEmoji: android.os.Parcelable$Creator CREATOR
com.umeng.socialize.media.UMImage
com.umeng.socialize.media.UMImage: android.os.Parcelable$Creator CREATOR
com.umeng.socialize.media.UMVideo
com.umeng.socialize.media.UMVideo: android.os.Parcelable$Creator CREATOR
com.umeng.socialize.media.UMWebPage
com.umeng.socialize.media.UMediaObject
com.umeng.socialize.media.UMediaObject$FetchMediaDataListener
com.umeng.socialize.media.UMediaObject$MediaType: com.umeng.socialize.media.UMediaObject$MediaType[] values()
com.umeng.socialize.media.UMediaObject$MediaType: com.umeng.socialize.media.UMediaObject$MediaType valueOf(java.lang.String)
com.umeng.socialize.media.UMusic
com.umeng.socialize.media.UMusic: android.os.Parcelable$Creator CREATOR
com.umeng.socialize.net.base.SocializeRequest$FILE_TYPE: com.umeng.socialize.net.base.SocializeRequest$FILE_TYPE[] values()
com.umeng.socialize.net.base.SocializeRequest$FILE_TYPE: com.umeng.socialize.net.base.SocializeRequest$FILE_TYPE valueOf(java.lang.String)
com.umeng.socialize.net.base.SocializeRequest$RequestMethod: com.umeng.socialize.net.base.SocializeRequest$RequestMethod[] values()
com.umeng.socialize.net.base.SocializeRequest$RequestMethod: com.umeng.socialize.net.base.SocializeRequest$RequestMethod valueOf(java.lang.String)
com.umeng.socialize.net.utils.UResponse$STATUS: com.umeng.socialize.net.utils.UResponse$STATUS[] values()
com.umeng.socialize.net.utils.UResponse$STATUS: com.umeng.socialize.net.utils.UResponse$STATUS valueOf(java.lang.String)
com.umeng.socialize.sso.UMTencentSsoHandler$ObtainAppIdListener
com.umeng.socialize.sso.UMTencentSsoHandler$ObtainImageUrlListener
com.umeng.socialize.utils.ResUtil$BindDrawableListener
com.umeng.socialize.utils.ResUtil$BindMode: com.umeng.socialize.utils.ResUtil$BindMode[] values()
com.umeng.socialize.utils.ResUtil$BindMode: com.umeng.socialize.utils.ResUtil$BindMode valueOf(java.lang.String)
com.umeng.socialize.view.ShareActivity
com.umeng.socialize.view.ShareActivity: ShareActivity()
com.umeng.socialize.view.abs.SocialPopupDialog$SwitchListener
com.umeng.socialize.view.abs.b
com.umeng.socialize.view.abs.b: b(android.content.Context,android.util.AttributeSet,int)
com.umeng.socialize.view.abs.b: b(android.content.Context,android.util.AttributeSet)
com.umeng.socialize.view.wigets.KeyboardListenRelativeLayout
com.umeng.socialize.view.wigets.KeyboardListenRelativeLayout: KeyboardListenRelativeLayout(android.content.Context)
com.umeng.socialize.view.wigets.KeyboardListenRelativeLayout: KeyboardListenRelativeLayout(android.content.Context,android.util.AttributeSet)
com.umeng.socialize.view.wigets.KeyboardListenRelativeLayout: KeyboardListenRelativeLayout(android.content.Context,android.util.AttributeSet,int)
com.umeng.socialize.view.wigets.KeyboardListenRelativeLayout$IOnKeyboardStateChangedListener
com.umeng.socialize.view.wigets.b
com.umeng.socialize.view.wigets.b: b(android.content.Context,android.util.AttributeSet,int)
com.umeng.socialize.view.wigets.b: b(android.content.Context,android.util.AttributeSet)