PersonalChef/proguard/mapping.txt
com.tencent.open.PKDialog$JsListener -> com.tencent.open.PKDialog$b:
    com.tencent.open.PKDialog this$0 -> a
    199:202:void onComplete(java.lang.String) -> a
    206:208:void onCancel(java.lang.String) -> b
    212:213:void showMsg(java.lang.String) -> c
    222:223:void onLoad(java.lang.String) -> d
com.tencent.open.PKDialog$OnTimeListener -> com.tencent.open.PKDialog$c:
    java.lang.ref.WeakReference mWeakCtx -> c
    java.lang.String mAction -> d
    java.lang.String mUrl -> a
    java.lang.String mAppid -> b
    com.tencent.tauth.IUiListener mWeakL -> e
    451:458:void onComplete(java.lang.String) -> a
    462:469:void onComplete(java.lang.Object) -> onComplete
    473:480:void onError(com.tencent.tauth.UiError) -> onError
    484:488:void onCancel() -> onCancel
    433:433:void access$700(com.tencent.open.PKDialog$OnTimeListener,java.lang.String) -> a
com.tencent.open.PKDialog$THandler -> com.tencent.open.PKDialog$d:
    com.tencent.open.PKDialog$OnTimeListener mL -> b
    com.tencent.open.PKDialog this$0 -> a
    397:430:void handleMessage(android.os.Message) -> handleMessage
com.tencent.open.SocialApi -> com.tencent.open.SocialApi:
    com.tencent.open.SocialApiIml a -> a
    38:39:void invite(android.app.Activity,android.os.Bundle,com.tencent.tauth.IUiListener) -> invite
    54:55:void story(android.app.Activity,android.os.Bundle,com.tencent.tauth.IUiListener) -> story
    70:71:void gift(android.app.Activity,android.os.Bundle,com.tencent.tauth.IUiListener) -> gift
    86:87:void ask(android.app.Activity,android.os.Bundle,com.tencent.tauth.IUiListener) -> ask
com.tencent.open.SocialApiIml -> com.tencent.open.SocialApiIml:
    java.lang.String a -> a
    android.app.Activity b -> b
    65:66:void gift(android.app.Activity,android.os.Bundle,com.tencent.tauth.IUiListener) -> gift
    81:82:void ask(android.app.Activity,android.os.Bundle,com.tencent.tauth.IUiListener) -> ask
    85:100:void a(android.app.Activity,java.lang.String,android.os.Bundle,com.tencent.tauth.IUiListener) -> a
    115:125:void invite(android.app.Activity,android.os.Bundle,com.tencent.tauth.IUiListener) -> invite
    140:145:void story(android.app.Activity,android.os.Bundle,com.tencent.tauth.IUiListener) -> story
    235:248:void a(android.app.Activity,android.content.Intent,java.lang.String,android.os.Bundle,java.lang.String,com.tencent.tauth.IUiListener,boolean) -> a
    251:257:void a(android.app.Activity,android.content.Intent,java.lang.String,android.os.Bundle,com.tencent.tauth.IUiListener) -> a
    259:293:void a(android.app.Activity,java.lang.String,android.os.Bundle,java.lang.String,com.tencent.tauth.IUiListener) -> a
    306:345:void a(android.content.Context,java.lang.String,android.os.Bundle,java.lang.String,com.tencent.tauth.IUiListener) -> a
    399:426:void writeEncryToken(android.content.Context) -> writeEncryToken
    456:473:android.content.Intent getTargetActivityIntent(java.lang.String) -> getTargetActivityIntent
    39:39:android.app.Activity a(com.tencent.open.SocialApiIml) -> a
com.tencent.open.SocialApiIml$a -> com.tencent.open.SocialApiIml$a:
    com.tencent.tauth.IUiListener b -> b
    java.lang.String c -> c
    java.lang.String d -> d
    android.os.Bundle e -> e
    android.app.Activity f -> f
    com.tencent.open.SocialApiIml a -> a
    363:382:void onComplete(java.lang.Object) -> onComplete
    386:389:void onError(com.tencent.tauth.UiError) -> onError
    393:394:void onCancel() -> onCancel