PersonalChef/proguard/usage.txt
com.umeng.socialize.net.utils.AesHelper:
    private static final java.lang.String UTF_8
    18:18:public AesHelper()
com.umeng.socialize.net.utils.Base64:
    private static final int BITS_PER_ENCODED_BYTE
    private static final int BYTES_PER_UNENCODED_BLOCK
    private static final int BYTES_PER_ENCODED_BLOCK
    private static final int MASK_6BITS
com.umeng.socialize.net.utils.BaseNCodec:
    public static final int MIME_CHUNK_SIZE
    private static final int DEFAULT_BUFFER_RESIZE_FACTOR
    private static final int DEFAULT_BUFFER_SIZE
    protected static final int MASK_8BITS
    protected static final byte PAD_DEFAULT
    protected static final byte PAD
    132:132:boolean hasData()
    210:217:protected static boolean isWhiteSpace(byte)
    242:245:public java.lang.Object encode(java.lang.Object)
    256:256:public java.lang.String encodeToString(byte[])
    268:273:public java.lang.Object decode(java.lang.Object)
    334:334:public java.lang.String encodeAsString(byte[])
    362:368:public boolean isInAlphabet(byte[],boolean)
    381:381:public boolean isInAlphabet(java.lang.String)
com.umeng.socialize.net.utils.SocializeProtocolConstants:
    public static final java.lang.String PROTOCOL_KEY_IMEI
    public static final java.lang.String PROTOCOL_KEY_MD5IMEI
    public static final java.lang.String PROTOCOL_KEY_MAC
    public static final java.lang.String PROTOCOL_KEY_UDID
    public static final java.lang.String PROTOCOL_KEY_OPENUDID
    public static final java.lang.String PROTOCOL_KEY_UID
    public static final java.lang.String PROTOCOL_KEY_SHARE_NUM
    public static final java.lang.String PROTOCOL_KEY_EN
    public static final java.lang.String PROTOCOL_KEY_DE
    public static final java.lang.String PROTOCOL_KEY_VERSION
    public static final java.lang.String PROTOCOL_KEY_OS
    public static final java.lang.String PROTOCOL_KEY_DT
    public static final java.lang.String PROTOCOL_KEY_OPID
    public static final java.lang.String PROTOCOL_KEY_AK
    public static final java.lang.String PROTOCOL_KEY_ENTITY_KEY
    public static final java.lang.String PROTOCOL_KEY_SID
    public static final java.lang.String PROTOCOL_KEY_REQUEST_TYPE
    public static final java.lang.String PROTOCOL_KEY_DESCRIPTOR
    public static final java.lang.String PROTOCOL_KEY_COMMENT_COUNT
    public static final java.lang.String PROTOCOL_KEY_SNS
    public static final java.lang.String PROTOCOL_KEY_FRIST_TIME
    public static final java.lang.String PROTOCOL_KEY_FR
    public static final java.lang.String PROTOCOL_KEY_LIKE_COUNT
com.umeng.socialize.net.utils.UClient:
    323:324:public com.umeng.socialize.net.utils.UClient setHeader(java.util.Map)
com.umeng.socialize.net.utils.UResponse:
    36:38:public UResponse(org.json.JSONObject)
com.umeng.socialize.net.utils.UResponse$STATUS
com.umeng.socialize.net.v:
    public java.util.Map a
    public java.util.Map b
    public java.util.Map c
    21:22:public v(org.json.JSONObject)
com.umeng.socialize.net.w:
    private static final java.lang.String a
    private static final int b
com.umeng.socialize.net.x:
    public java.lang.String b
    12:13:public x(org.json.JSONObject)
    17:23:public void parseJsonObject()
com.umeng.socialize.net.y
com.umeng.socialize.net.z
com.umeng.socialize.sso.CustomHandler
com.umeng.socialize.sso.SinaSsoHandler
com.umeng.socialize.sso.SinaSsoHandler$1
com.umeng.socialize.sso.SmsHandler
com.umeng.socialize.sso.SmsHandler$1
com.umeng.socialize.sso.SmsHandler$2
com.umeng.socialize.sso.UMQQSsoHandler:
    private static final java.lang.String TAG
    316:317:public void canOpenShareActivity(boolean)
    458:460:public void shareToQQ(java.lang.String)
    560:561:public void setTitle(java.lang.String)
    668:728:public void getUserInfo(com.umeng.socialize.controller.listener.SocializeListeners$UMDataListener)
com.umeng.socialize.sso.UMQQSsoHandler$8